c:\users\v-fuz.fareast\documents\visual studio 2013\projects\libfm\libfm\debug\vc120.pdb
c:\users\v-fuz.fareast\documents\visual studio 2013\projects\libfm\libfm\debug\vc120.idb
c:\users\v-fuz.fareast\documents\visual studio 2013\projects\libfm\libfm\debug\libfm.obj
c:\users\v-fuz.fareast\documents\visual studio 2013\projects\libfm\libfm\debug\convert.obj
c:\users\v-fuz.fareast\documents\visual studio 2013\projects\libfm\libfm\debug\transpose.obj
c:\users\v-fuz.fareast\documents\visual studio 2013\projects\libfm\debug\libfm.lib
c:\users\v-fuz.fareast\documents\visual studio 2013\projects\libfm\debug\libfm.exp
c:\users\v-fuz.fareast\documents\visual studio 2013\projects\libfm\debug\libfm.ilk
c:\users\v-fuz.fareast\documents\visual studio 2013\projects\libfm\debug\libfm.exe
c:\users\v-fuz.fareast\documents\visual studio 2013\projects\libfm\debug\libfm.pdb
c:\users\v-fuz.fareast\documents\visual studio 2013\projects\libfm\libfm\debug\libfm.res
c:\users\v-fuz.fareast\documents\visual studio 2013\projects\libfm\libfm\debug\libfm.tlog\cl.command.1.tlog
c:\users\v-fuz.fareast\documents\visual studio 2013\projects\libfm\libfm\debug\libfm.tlog\cl.read.1.tlog
c:\users\v-fuz.fareast\documents\visual studio 2013\projects\libfm\libfm\debug\libfm.tlog\cl.write.1.tlog
c:\users\v-fuz.fareast\documents\visual studio 2013\projects\libfm\libfm\debug\libfm.tlog\libfm.write.1u.tlog
c:\users\v-fuz.fareast\documents\visual studio 2013\projects\libfm\libfm\debug\libfm.tlog\link.command.1.tlog
c:\users\v-fuz.fareast\documents\visual studio 2013\projects\libfm\libfm\debug\libfm.tlog\link.read.1.tlog
c:\users\v-fuz.fareast\documents\visual studio 2013\projects\libfm\libfm\debug\libfm.tlog\link.write.1.tlog
c:\users\v-fuz.fareast\documents\visual studio 2013\projects\libfm\libfm\debug\libfm.tlog\rc.command.1.tlog
c:\users\v-fuz.fareast\documents\visual studio 2013\projects\libfm\libfm\debug\libfm.tlog\rc.read.1.tlog
c:\users\v-fuz.fareast\documents\visual studio 2013\projects\libfm\libfm\debug\libfm.tlog\rc.write.1.tlog
