Build started 3/23/2017 12:14:18 PM.
     1>Project "C:\Users\v-fuz.FAREAST\Documents\Visual Studio 2013\Projects\LibFM\LibFM\LibFM.vcxproj" on node 2 (Rebuild target(s)).
     1>ClCompile:
         C:\Program Files (x86)\Microsoft Visual Studio 12.0\VC\bin\CL.exe /c /Zi /nologo /W3 /WX- /sdl /O2 /Oi /Oy- /GL /D _MBCS /Gm- /EHsc /MD /GS /Gy /fp:precise /Zc:wchar_t /Zc:forScope /Fo"Release\\" /Fd"Release\vc120.pdb" /Gd /TP /analyze- /errorReport:prompt src\libfm\libfm.cpp src\libfm\tools\convert.cpp src\libfm\tools\transpose.cpp
         libfm.cpp
     1>c:\users\v-fuz.fareast\documents\visual studio 2013\projects\libfm\libfm\src\libfm\../util/util.h(42): warning C4800: 'int' : forcing value to bool 'true' or 'false' (performance warning)
     1>c:\users\v-fuz.fareast\documents\visual studio 2013\projects\libfm\libfm\src\libfm\../util/util.h(43): warning C4800: 'int' : forcing value to bool 'true' or 'false' (performance warning)
     1>c:\users\v-fuz.fareast\documents\visual studio 2013\projects\libfm\libfm\src\util\../util/random.h(41): warning C4273: 'erf' : inconsistent dll linkage
                 C:\Program Files (x86)\Microsoft Visual Studio 12.0\VC\include\math.h(486) : see previous definition of 'erf'
     1>c:\users\v-fuz.fareast\documents\visual studio 2013\projects\libfm\libfm\src\libfm\src\relation.h(106): warning C4244: '=' : conversion from 'uint64' to 'uint', possible loss of data
     1>c:\users\v-fuz.fareast\documents\visual studio 2013\projects\libfm\libfm\src\libfm\src\relation.h(115): warning C4244: '=' : conversion from 'uint64' to 'uint', possible loss of data
     1>c:\users\v-fuz.fareast\documents\visual studio 2013\projects\libfm\libfm\src\libfm\src\Data.h(138): warning C4244: '=' : conversion from 'uint64' to 'uint', possible loss of data
     1>c:\users\v-fuz.fareast\documents\visual studio 2013\projects\libfm\libfm\src\libfm\src\Data.h(150): warning C4244: '=' : conversion from 'uint64' to 'uint', possible loss of data
     1>c:\users\v-fuz.fareast\documents\visual studio 2013\projects\libfm\libfm\src\libfm\src\Data.h(230): warning C4244: 'initializing' : conversion from 'uint64' to 'unsigned int', possible loss of data
     1>c:\users\v-fuz.fareast\documents\visual studio 2013\projects\libfm\libfm\src\libfm\src\Data.h(197): error C4996: 'sscanf': This function or variable may be unsafe. Consider using sscanf_s instead. To disable deprecation, use _CRT_SECURE_NO_WARNINGS. See online help for details.
                 C:\Program Files (x86)\Microsoft Visual Studio 12.0\VC\include\stdio.h(304) : see declaration of 'sscanf'
     1>c:\users\v-fuz.fareast\documents\visual studio 2013\projects\libfm\libfm\src\libfm\src\Data.h(313): warning C4244: 'initializing' : conversion from '__int64' to 'unsigned int', possible loss of data
     1>c:\users\v-fuz.fareast\documents\visual studio 2013\projects\libfm\libfm\src\libfm\src\fm_learn_mcmc.h(724): warning C4244: '+=' : conversion from 'double' to 'uint', possible loss of data
     1>c:\users\v-fuz.fareast\documents\visual studio 2013\projects\libfm\libfm\src\libfm\src\fm_learn_mcmc.h(843): warning C4244: '+=' : conversion from 'double' to 'uint', possible loss of data
     1>c:\users\v-fuz.fareast\documents\visual studio 2013\projects\libfm\libfm\src\libfm\tools/convert_zhfzhr.h(86): error C4996: 'strcpy': This function or variable may be unsafe. Consider using strcpy_s instead. To disable deprecation, use _CRT_SECURE_NO_WARNINGS. See online help for details.
                 C:\Program Files (x86)\Microsoft Visual Studio 12.0\VC\include\string.h(112) : see declaration of 'strcpy'
     1>c:\users\v-fuz.fareast\documents\visual studio 2013\projects\libfm\libfm\src\libfm\tools/convert_zhfzhr.h(89): warning C4244: 'argument' : conversion from 'time_t' to 'unsigned int', possible loss of data
     1>src\libfm\libfm.cpp(97): error C4996: 'strcpy': This function or variable may be unsafe. Consider using strcpy_s instead. To disable deprecation, use _CRT_SECURE_NO_WARNINGS. See online help for details.
                 C:\Program Files (x86)\Microsoft Visual Studio 12.0\VC\include\string.h(112) : see declaration of 'strcpy'
     1>src\libfm\libfm.cpp(101): warning C4244: 'argument' : conversion from 'time_t' to 'unsigned int', possible loss of data
     1>src\libfm\libfm.cpp(302): warning C4800: 'int' : forcing value to bool 'true' or 'false' (performance warning)
     1>src\libfm\libfm.cpp(303): warning C4800: 'int' : forcing value to bool 'true' or 'false' (performance warning)
         convert.cpp
         transpose.cpp
     1>Done Building Project "C:\Users\v-fuz.FAREAST\Documents\Visual Studio 2013\Projects\LibFM\LibFM\LibFM.vcxproj" (Rebuild target(s)) -- FAILED.

Build FAILED.

Time Elapsed 00:00:01.51
